Dani's Cannon has been successfully placed at field (4, 12)
Dani's Cannon has been successfully placed at field (5, 12)
Dani's Spy has been successfully placed at field (6, 12)
Dani's Scout has been successfully placed at field (7, 12)
Dani's Scout has been successfully placed at field (8, 12)
Dani's Scout has been successfully placed at field (9, 12)
Dani's Scout has been successfully placed at field (10, 12)
Dani's Sergeant has been successfully placed at field (4, 13)
Dani's Sergeant has been successfully placed at field (5, 13)
Dani's Sergeant has been successfully placed at field (6, 13)
Dani's Lieutenant has been successfully placed at field (8, 13)
Dani's Lieutenant has been successfully placed at field (9, 13)
Dani's Lieutenant has been successfully placed at field (10, 13)
Dani's Captain has been successfully placed at field (4, 14)
Dani's Captain has been successfully placed at field (5, 14)
Dani's Captain has been successfully placed at field (6, 14)
Dani's Colonel has been successfully placed at field (7, 14)
Dani's Colonel has been successfully placed at field (8, 14)
Dani's General has been successfully placed at field (9, 14)
Dani's Marshall has been successfully placed at field (10, 14)
Sergiu's Cannon has been successfully placed at field (4, 0)
Sergiu's Cannon has been successfully placed at field (5, 0)
Sergiu's Spy has been successfully placed at field (6, 0)
Sergiu's Scout has been successfully placed at field (7, 0)
Sergiu's Scout has been successfully placed at field (8, 0)
Sergiu's Scout has been successfully placed at field (9, 0)
Sergiu's Scout has been successfully placed at field (10, 0)
Sergiu's Sergeant has been successfully placed at field (4, 1)
Sergiu's Sergeant has been successfully placed at field (5, 1)
Sergiu's Sergeant has been successfully placed at field (6, 1)
Sergiu's Lieutenant has been successfully placed at field (8, 1)
Sergiu's Lieutenant has been successfully placed at field (9, 1)
Sergiu's Lieutenant has been successfully placed at field (10, 1)
Sergiu's Captain has been successfully placed at field (4, 2)
Sergiu's Captain has been successfully placed at field (5, 2)
Sergiu's Captain has been successfully placed at field (6, 2)
Sergiu's Colonel has been successfully placed at field (7, 2)
Sergiu's Colonel has been successfully placed at field (8, 2)
Sergiu's General has been successfully placed at field (9, 2)
Sergiu's Marshall has been successfully placed at field (10, 2)
Sam's Cannon has been successfully placed at field (12, 4)
Sam's Cannon has been successfully placed at field (12, 5)
Sam's Spy has been successfully placed at field (12, 6)
Sam's Scout has been successfully placed at field (12, 7)
Sam's Scout has been successfully placed at field (12, 8)
Sam's Scout has been successfully placed at field (12, 9)
Sam's Scout has been successfully placed at field (12, 10)
Sam's Sergeant has been successfully placed at field (13, 4)
Sam's Sergeant has been successfully placed at field (13, 5)
Sam's Sergeant has been successfully placed at field (13, 6)
Sam's Lieutenant has been successfully placed at field (13, 8)
Sam's Lieutenant has been successfully placed at field (13, 9)
Sam's Lieutenant has been successfully placed at field (13, 10)
Sam's Captain has been successfully placed at field (14, 4)
Sam's Captain has been successfully placed at field (14, 5)
Sam's Captain has been successfully placed at field (14, 6)
Sam's Colonel has been successfully placed at field (14, 7)
Sam's Colonel has been successfully placed at field (14, 8)
Sam's General has been successfully placed at field (14, 9)
Sam's Marshall has been successfully placed at field (14, 10)
Flaviu's Cannon has been successfully placed at field (0, 4)
Flaviu's Cannon has been successfully placed at field (0, 5)
Flaviu's Spy has been successfully placed at field (0, 6)
Flaviu's Scout has been successfully placed at field (0, 7)
Flaviu's Scout has been successfully placed at field (0, 8)
Flaviu's Scout has been successfully placed at field (0, 9)
Flaviu's Scout has been successfully placed at field (0, 10)
Flaviu's Sergeant has been successfully placed at field (1, 4)
Flaviu's Sergeant has been successfully placed at field (1, 5)
Flaviu's Sergeant has been successfully placed at field (1, 6)
Flaviu's Lieutenant has been successfully placed at field (1, 8)
Flaviu's Lieutenant has been successfully placed at field (1, 9)
Flaviu's Lieutenant has been successfully placed at field (1, 10)
Flaviu's Captain has been successfully placed at field (2, 4)
Flaviu's Captain has been successfully placed at field (2, 5)
Flaviu's Captain has been successfully placed at field (2, 6)
Flaviu's Colonel has been successfully placed at field (2, 7)
Flaviu's Colonel has been successfully placed at field (2, 8)
Flaviu's General has been successfully placed at field (2, 9)
Flaviu's Marshall has been successfully placed at field (2, 10)
